#
# There is insufficient memory for the Java Runtime Environment to continue.
# Cannot create GC thread. Out of system resources.
# Possible reasons:
#   The system is out of physical RAM or swap space
#   In 32 bit mode, the process size limit was hit
# Possible solutions:
#   Reduce memory load on the system
#   Increase physical memory or swap space
#   Check if swap backing store is full
#   Use 64 bit Java on a 64 bit OS
#   Decrease Java heap size (-Xmx/-Xms)
#   Decrease number of Java threads
#   Decrease Java thread stack sizes (-Xss)
#   Set larger code cache with -XX:ReservedCodeCacheSize=
# This output file may be truncated or incomplete.
#
#  Out of Memory Error (gcTaskThread.cpp:48), pid=1024, tid=140488222697216
#
# JRE version:  (8.0_71-b15) (build )
# Java VM: OpenJDK 64-Bit Server VM (25.71-b15 mixed mode linux-amd64 compressed oops)
# Failed to write core dump. Core dumps have been disabled. To enable core dumping, try "ulimit -c unlimited" before starting Java again
#

---------------  T H R E A D  ---------------

Current thread (0x00007fc5f0009000):  JavaThread "Unknown thread" [_thread_in_vm, id=1025, stack(0x00007fc5f68be000,0x00007fc5f69bf000)]

Stack: [0x00007fc5f68be000,0x00007fc5f69bf000],  sp=0x00007fc5f69bd770,  free space=1021k
Native frames: (J=compiled Java code, j=interpreted, Vv=VM code, C=native code)
V  [libjvm.so+0xa0854d]
V  [libjvm.so+0x4c4cca]
V  [libjvm.so+0x59191f]
V  [libjvm.so+0x590ae7]
V  [libjvm.so+0x890654]
V  [libjvm.so+0x9d2df9]
V  [libjvm.so+0x9d3102]
V  [libjvm.so+0x5ef295]
V  [libjvm.so+0x9b702e]
V  [libjvm.so+0x661c95]  JNI_CreateJavaVM+0x65
C  [libjli.so+0x30a7]
C  [libpthread.so.0+0x7dc5]  start_thread+0xc5


---------------  P R O C E S S  ---------------

Java Threads: ( => current thread )

Other Threads:

=>0x00007fc5f0009000 (exited) JavaThread "Unknown thread" [_thread_in_vm, id=1025, stack(0x00007fc5f68be000,0x00007fc5f69bf000)]

VM state:not at safepoint (not fully initialized)

VM Mutex/Monitor currently owned by a thread: None

GC Heap History (0 events):
No events

Deoptimization events (0 events):
No events

Internal exceptions (0 events):
No events

Events (0 events):
No events


Dynamic libraries:
00400000-00401000 r-xp 00000000 08:02 567382448                          /usr/lib/jvm/java-1.8.0-openjdk-1.8.0.71-2.b15.el7_2.x86_64/jre/bin/java
00600000-00601000 r--p 00000000 08:02 567382448                          /usr/lib/jvm/java-1.8.0-openjdk-1.8.0.71-2.b15.el7_2.x86_64/jre/bin/java
00601000-00602000 rw-p 00001000 08:02 567382448                          /usr/lib/jvm/java-1.8.0-openjdk-1.8.0.71-2.b15.el7_2.x86_64/jre/bin/java
01bc4000-01be5000 rw-p 00000000 00:00 0                                  [heap]
85c00000-8af00000 rw-p 00000000 00:00 0 
8af00000-d7400000 ---p 00000000 00:00 0 
d7400000-d9d00000 rw-p 00000000 00:00 0 
d9d00000-100000000 ---p 00000000 00:00 0 
7fc5df386000-7fc5df387000 ---p 00000000 00:00 0 
7fc5df387000-7fc5df487000 rw-p 00000000 00:00 0 
7fc5df487000-7fc5df488000 ---p 00000000 00:00 0 
7fc5df488000-7fc5df5b2000 rw-p 00000000 00:00 0                          [stack:1026]
7fc5df5b2000-7fc5df814000 ---p 00000000 00:00 0 
7fc5df814000-7fc5df83e000 rw-p 00000000 00:00 0 
7fc5df83e000-7fc5dfaa0000 ---p 00000000 00:00 0 
7fc5dfaa0000-7fc5dfab5000 rw-p 00000000 00:00 0 
7fc5dfab5000-7fc5dfbe6000 ---p 00000000 00:00 0 
7fc5dfbe6000-7fc5dfbf1000 rw-p 00000000 00:00 0 
7fc5dfbf1000-7fc5dffa7000 ---p 00000000 00:00 0 
7fc5dffa7000-7fc5e0217000 rwxp 00000000 00:00 0 
7fc5e0217000-7fc5eefa7000 ---p 00000000 00:00 0 
7fc5eefa7000-7fc5eefaf000 r-xp 00000000 08:02 813556327                  /usr/lib/jvm/java-1.8.0-openjdk-1.8.0.71-2.b15.el7_2.x86_64/jre/lib/amd64/libzip.so
7fc5eefaf000-7fc5ef1ae000 ---p 00008000 08:02 813556327                  /usr/lib/jvm/java-1.8.0-openjdk-1.8.0.71-2.b15.el7_2.x86_64/jre/lib/amd64/libzip.so
7fc5ef1ae000-7fc5ef1af000 r--p 00007000 08:02 813556327                  /usr/lib/jvm/java-1.8.0-openjdk-1.8.0.71-2.b15.el7_2.x86_64/jre/lib/amd64/libzip.so
7fc5ef1af000-7fc5ef1b0000 rw-p 00008000 08:02 813556327                  /usr/lib/jvm/java-1.8.0-openjdk-1.8.0.71-2.b15.el7_2.x86_64/jre/lib/amd64/libzip.so
7fc5ef1b0000-7fc5ef9b5000 r--s 00000000 08:02 5450832                    /var/lib/sss/mc/passwd
7fc5ef9b5000-7fc5ef9bd000 r-xp 00000000 08:02 813905723                  /usr/lib64/libnss_sss.so.2
7fc5ef9bd000-7fc5efbbc000 ---p 00008000 08:02 813905723                  /usr/lib64/libnss_sss.so.2
7fc5efbbc000-7fc5efbbd000 r--p 00007000 08:02 813905723                  /usr/lib64/libnss_sss.so.2
7fc5efbbd000-7fc5efbbe000 rw-p 00008000 08:02 813905723                  /usr/lib64/libnss_sss.so.2
7fc5efbbe000-7fc5efbca000 r-xp 00000000 08:02 805310236                  /usr/lib64/libnss_files-2.17.so
7fc5efbca000-7fc5efdc9000 ---p 0000c000 08:02 805310236                  /usr/lib64/libnss_files-2.17.so
7fc5efdc9000-7fc5efdca000 r--p 0000b000 08:02 805310236                  /usr/lib64/libnss_files-2.17.so
7fc5efdca000-7fc5efdcb000 rw-p 0000c000 08:02 805310236                  /usr/lib64/libnss_files-2.17.so
7fc5efdcb000-7fc5efdd1000 rw-p 00000000 00:00 0 
7fc5efdd1000-7fc5efdfe000 r-xp 00000000 08:02 874807414                  /usr/lib/jvm/java-1.8.0-openjdk-1.8.0.71-2.b15.el7_2.x86_64/jre/lib/amd64/libjava.so
7fc5efdfe000-7fc5efffd000 ---p 0002d000 08:02 874807414                  /usr/lib/jvm/java-1.8.0-openjdk-1.8.0.71-2.b15.el7_2.x86_64/jre/lib/amd64/libjava.so
7fc5efffd000-7fc5efffe000 r--p 0002c000 08:02 874807414                  /usr/lib/jvm/java-1.8.0-openjdk-1.8.0.71-2.b15.el7_2.x86_64/jre/lib/amd64/libjava.so
7fc5efffe000-7fc5f0000000 rw-p 0002d000 08:02 874807414                  /usr/lib/jvm/java-1.8.0-openjdk-1.8.0.71-2.b15.el7_2.x86_64/jre/lib/amd64/libjava.so
7fc5f0000000-7fc5f0036000 rw-p 00000000 00:00 0 
7fc5f0036000-7fc5f4000000 ---p 00000000 00:00 0 
7fc5f409b000-7fc5f40a8000 r-xp 00000000 08:02 813556326                  /usr/lib/jvm/java-1.8.0-openjdk-1.8.0.71-2.b15.el7_2.x86_64/jre/lib/amd64/libverify.so
7fc5f40a8000-7fc5f42a7000 ---p 0000d000 08:02 813556326                  /usr/lib/jvm/java-1.8.0-openjdk-1.8.0.71-2.b15.el7_2.x86_64/jre/lib/amd64/libverify.so
7fc5f42a7000-7fc5f42a9000 r--p 0000c000 08:02 813556326                  /usr/lib/jvm/java-1.8.0-openjdk-1.8.0.71-2.b15.el7_2.x86_64/jre/lib/amd64/libverify.so
7fc5f42a9000-7fc5f42aa000 rw-p 0000e000 08:02 813556326                  /usr/lib/jvm/java-1.8.0-openjdk-1.8.0.71-2.b15.el7_2.x86_64/jre/lib/amd64/libverify.so
7fc5f42aa000-7fc5f42b1000 r-xp 00000000 08:02 813977355                  /usr/lib64/librt-2.17.so
7fc5f42b1000-7fc5f44b0000 ---p 00007000 08:02 813977355                  /usr/lib64/librt-2.17.so
7fc5f44b0000-7fc5f44b1000 r--p 00006000 08:02 813977355                  /usr/lib64/librt-2.17.so
7fc5f44b1000-7fc5f44b2000 rw-p 00007000 08:02 813977355                  /usr/lib64/librt-2.17.so
7fc5f44b2000-7fc5f44c7000 r-xp 00000000 08:02 805306505                  /usr/lib64/libgcc_s-4.8.5-20150702.so.1
7fc5f44c7000-7fc5f46c6000 ---p 00015000 08:02 805306505                  /usr/lib64/libgcc_s-4.8.5-20150702.so.1
7fc5f46c6000-7fc5f46c7000 r--p 00014000 08:02 805306505                  /usr/lib64/libgcc_s-4.8.5-20150702.so.1
7fc5f46c7000-7fc5f46c8000 rw-p 00015000 08:02 805306505                  /usr/lib64/libgcc_s-4.8.5-20150702.so.1
7fc5f46c8000-7fc5f47c9000 r-xp 00000000 08:02 805310226                  /usr/lib64/libm-2.17.so
7fc5f47c9000-7fc5f49c8000 ---p 00101000 08:02 805310226                  /usr/lib64/libm-2.17.so
7fc5f49c8000-7fc5f49c9000 r--p 00100000 08:02 805310226                  /usr/lib64/libm-2.17.so
7fc5f49c9000-7fc5f49ca000 rw-p 00101000 08:02 805310226                  /usr/lib64/libm-2.17.so
7fc5f49ca000-7fc5f4ab3000 r-xp 00000000 08:02 805310267                  /usr/lib64/libstdc++.so.6.0.19
7fc5f4ab3000-7fc5f4cb3000 ---p 000e9000 08:02 805310267                  /usr/lib64/libstdc++.so.6.0.19
7fc5f4cb3000-7fc5f4cbb000 r--p 000e9000 08:02 805310267                  /usr/lib64/libstdc++.so.6.0.19
7fc5f4cbb000-7fc5f4cbd000 rw-p 000f1000 08:02 805310267                  /usr/lib64/libstdc++.so.6.0.19
7fc5f4cbd000-7fc5f4cd2000 rw-p 00000000 00:00 0 
7fc5f4cd2000-7fc5f58d6000 r-xp 00000000 08:02 567382461                  /usr/lib/jvm/java-1.8.0-openjdk-1.8.0.71-2.b15.el7_2.x86_64/jre/lib/amd64/server/libjvm.so
7fc5f58d6000-7fc5f5ad5000 ---p 00c04000 08:02 567382461                  /usr/lib/jvm/java-1.8.0-openjdk-1.8.0.71-2.b15.el7_2.x86_64/jre/lib/amd64/server/libjvm.so
7fc5f5ad5000-7fc5f5b74000 r--p 00c03000 08:02 567382461                  /usr/lib/jvm/java-1.8.0-openjdk-1.8.0.71-2.b15.el7_2.x86_64/jre/lib/amd64/server/libjvm.so
7fc5f5b74000-7fc5f5b9d000 rw-p 00ca2000 08:02 567382461                  /usr/lib/jvm/java-1.8.0-openjdk-1.8.0.71-2.b15.el7_2.x86_64/jre/lib/amd64/server/libjvm.so
7fc5f5b9d000-7fc5f5bcd000 rw-p 00000000 00:00 0 
7fc5f5bcd000-7fc5f5d83000 r-xp 00000000 08:02 805310218                  /usr/lib64/libc-2.17.so
7fc5f5d83000-7fc5f5f83000 ---p 001b6000 08:02 805310218                  /usr/lib64/libc-2.17.so
7fc5f5f83000-7fc5f5f87000 r--p 001b6000 08:02 805310218                  /usr/lib64/libc-2.17.so
7fc5f5f87000-7fc5f5f89000 rw-p 001ba000 08:02 805310218                  /usr/lib64/libc-2.17.so
7fc5f5f89000-7fc5f5f8e000 rw-p 00000000 00:00 0 
7fc5f5f8e000-7fc5f5f91000 r-xp 00000000 08:02 805310224                  /usr/lib64/libdl-2.17.so
7fc5f5f91000-7fc5f6190000 ---p 00003000 08:02 805310224                  /usr/lib64/libdl-2.17.so
7fc5f6190000-7fc5f6191000 r--p 00002000 08:02 805310224                  /usr/lib64/libdl-2.17.so
7fc5f6191000-7fc5f6192000 rw-p 00003000 08:02 805310224                  /usr/lib64/libdl-2.17.so
7fc5f6192000-7fc5f61a0000 r-xp 00000000 08:02 285875273                  /usr/lib/jvm/java-1.8.0-openjdk-1.8.0.71-2.b15.el7_2.x86_64/jre/lib/amd64/jli/libjli.so
7fc5f61a0000-7fc5f639f000 ---p 0000e000 08:02 285875273                  /usr/lib/jvm/java-1.8.0-openjdk-1.8.0.71-2.b15.el7_2.x86_64/jre/lib/amd64/jli/libjli.so
7fc5f639f000-7fc5f63a0000 r--p 0000d000 08:02 285875273                  /usr/lib/jvm/java-1.8.0-openjdk-1.8.0.71-2.b15.el7_2.x86_64/jre/lib/amd64/jli/libjli.so
7fc5f63a0000-7fc5f63a1000 rw-p 0000e000 08:02 285875273                  /usr/lib/jvm/java-1.8.0-openjdk-1.8.0.71-2.b15.el7_2.x86_64/jre/lib/amd64/jli/libjli.so
7fc5f63a1000-7fc5f63b6000 r-xp 00000000 08:02 805310444                  /usr/lib64/libz.so.1.2.7
7fc5f63b6000-7fc5f65b5000 ---p 00015000 08:02 805310444                  /usr/lib64/libz.so.1.2.7
7fc5f65b5000-7fc5f65b6000 r--p 00014000 08:02 805310444                  /usr/lib64/libz.so.1.2.7
7fc5f65b6000-7fc5f65b7000 rw-p 00015000 08:02 805310444                  /usr/lib64/libz.so.1.2.7
7fc5f65b7000-7fc5f65cd000 r-xp 00000000 08:02 813977351                  /usr/lib64/libpthread-2.17.so
7fc5f65cd000-7fc5f67cd000 ---p 00016000 08:02 813977351                  /usr/lib64/libpthread-2.17.so
7fc5f67cd000-7fc5f67ce000 r--p 00016000 08:02 813977351                  /usr/lib64/libpthread-2.17.so
7fc5f67ce000-7fc5f67cf000 rw-p 00017000 08:02 813977351                  /usr/lib64/libpthread-2.17.so
7fc5f67cf000-7fc5f67d3000 rw-p 00000000 00:00 0 
7fc5f67d3000-7fc5f67f4000 r-xp 00000000 08:02 813901287                  /usr/lib64/ld-2.17.so
7fc5f68be000-7fc5f68c1000 ---p 00000000 00:00 0 
7fc5f68c1000-7fc5f69c4000 rw-p 00000000 00:00 0                          [stack:1025]
7fc5f69e6000-7fc5f69e9000 rw-p 00000000 00:00 0 
7fc5f69e9000-7fc5f69f1000 rw-s 00000000 08:02 813556345                  /tmp/hsperfdata_kloi/1024
7fc5f69f1000-7fc5f69f2000 rw-p 00000000 00:00 0 
7fc5f69f2000-7fc5f69f3000 r--p 00000000 00:00 0 
7fc5f69f3000-7fc5f69f4000 rw-p 00000000 00:00 0 
7fc5f69f4000-7fc5f69f5000 r--p 00021000 08:02 813901287                  /usr/lib64/ld-2.17.so
7fc5f69f5000-7fc5f69f6000 rw-p 00022000 08:02 813901287                  /usr/lib64/ld-2.17.so
7fc5f69f6000-7fc5f69f7000 rw-p 00000000 00:00 0 
7ffc52638000-7ffc5265a000 rw-p 00000000 00:00 0                          [stack]
7ffc5277c000-7ffc5277e000 r-xp 00000000 00:00 0                          [vdso]
ffffffffff600000-ffffffffff601000 r-xp 00000000 00:00 0                  [vsyscall]

VM Arguments:
java_command: Lawn.class
java_class_path (initial): .
Launcher Type: SUN_STANDARD

Environment Variables:
PATH=/usr/lib64/qt-3.3/bin:/afs/cats.ucsc.edu/users/k/kloi/perl5/bin:/opt/rh/devtoolset-3/root/usr/bin:/opt/rh/rh-java-common/root/usr/bin:/usr/local/bin:/usr/bin:/usr/local/sbin:/usr/sbin:/var/cfengine/bin:/usr/local/texlive/2012/bin/x86_64-linux:/usr/local/python3/bin:/usr/local/codebench/bin:/afs/cats.ucsc.edu/users/k/kloi/bin:.
LD_LIBRARY_PATH=/opt/rh/devtoolset-3/root/usr/lib64:/opt/rh/devtoolset-3/root/usr/lib
SHELL=/bin/bash

Signal Handlers:
SIGSEGV: [libjvm.so+0xa09060], sa_mask[0]=11111111011111111101111111111110, sa_flags=SA_RESTART|SA_SIGINFO
SIGBUS: [libjvm.so+0xa09060], sa_mask[0]=11111111011111111101111111111110, sa_flags=SA_RESTART|SA_SIGINFO
SIGFPE: [libjvm.so+0x867b90], sa_mask[0]=11111111011111111101111111111110, sa_flags=SA_RESTART|SA_SIGINFO
SIGPIPE: [libjvm.so+0x867b90], sa_mask[0]=11111111011111111101111111111110, sa_flags=SA_RESTART|SA_SIGINFO
SIGXFSZ: [libjvm.so+0x867b90], sa_mask[0]=11111111011111111101111111111110, sa_flags=SA_RESTART|SA_SIGINFO
SIGILL: [libjvm.so+0x867b90], sa_mask[0]=11111111011111111101111111111110, sa_flags=SA_RESTART|SA_SIGINFO
SIGUSR1: SIG_DFL, sa_mask[0]=00000000000000000000000000000000, sa_flags=none
SIGUSR2: [libjvm.so+0x867a40], sa_mask[0]=00000000000000000000000000000000, sa_flags=SA_RESTART|SA_SIGINFO
SIGHUP: SIG_DFL, sa_mask[0]=00000000000000000000000000000000, sa_flags=none
SIGINT: SIG_DFL, sa_mask[0]=00000000000000000000000000000000, sa_flags=none
SIGTERM: SIG_DFL, sa_mask[0]=00000000000000000000000000000000, sa_flags=none
SIGQUIT: SIG_DFL, sa_mask[0]=00000000000000000000000000000000, sa_flags=none


---------------  S Y S T E M  ---------------

OS:CentOS Linux release 7.2.1511 (Core) 

uname:Linux 3.10.0-327.4.4.el7.x86_64 #1 SMP Tue Jan 5 16:07:00 UTC 2016 x86_64
libc:glibc 2.17 NPTL 2.17 
rlimit: STACK 8192k, CORE 0k, NPROC 1024, NOFILE 4096, AS infinity
load average:1.21 2.02 2.60

/proc/meminfo:
MemTotal:        8011464 kB
MemFree:         2758508 kB
MemAvailable:    4420120 kB
Buffers:               0 kB
Cached:          1368904 kB
SwapCached:       257264 kB
Active:          1982996 kB
Inactive:        1503372 kB
Active(anon):    1489980 kB
Inactive(anon):   931492 kB
Active(file):     493016 kB
Inactive(file):   571880 kB
Unevictable:         128 kB
Mlocked:             128 kB
SwapTotal:       8258556 kB
SwapFree:        3865672 kB
Dirty:               660 kB
Writeback:             0 kB
AnonPages:       1862288 kB
Mapped:            98676 kB
Shmem:            304124 kB
Slab:            1142128 kB
SReclaimable:     850132 kB
SUnreclaim:       291996 kB
KernelStack:       34944 kB
PageTables:       210420 kB
NFS_Unstable:          0 kB
Bounce:                0 kB
WritebackTmp:          0 kB
CommitLimit:    12264288 kB
Committed_AS:   10396280 kB
VmallocTotal:   34359738367 kB
VmallocUsed:      164960 kB
VmallocChunk:   34359506680 kB
HardwareCorrupted:     0 kB
AnonHugePages:    256000 kB
HugePages_Total:       0
HugePages_Free:        0
HugePages_Rsvd:        0
HugePages_Surp:        0
Hugepagesize:       2048 kB
DirectMap4k:      356288 kB
DirectMap2M:     8032256 kB


CPU:total 2 (1 cores per cpu, 1 threads per core) family 6 model 58 stepping 0, cmov, cx8, fxsr, mmx, sse, sse2, sse3, ssse3, sse4.1, sse4.2, popcnt, avx, aes, clmul, erms, tsc, tscinvbit, tscinv

/proc/cpuinfo:
processor	: 0
vendor_id	: GenuineIntel
cpu family	: 6
model		: 58
model name	: Intel(R) Xeon(R) CPU E5-2630 v2 @ 2.60GHz
stepping	: 0
microcode	: 0x427
cpu MHz		: 2600.000
cache size	: 15360 KB
physical id	: 0
siblings	: 1
core id		: 0
cpu cores	: 1
apicid		: 0
initial apicid	: 0
fpu		: yes
fpu_exception	: yes
cpuid level	: 13
wp		: yes
flags		: fpu vme de pse tsc msr pae mce cx8 apic sep mtrr pge mca cmov pat pse36 clflush dts mmx fxsr sse sse2 ss syscall nx rdtscp lm constant_tsc arch_perfmon pebs bts nopl xtopology tsc_reliable nonstop_tsc aperfmperf pni pclmulqdq ssse3 cx16 pcid sse4_1 sse4_2 x2apic popcnt aes xsave avx f16c rdrand hypervisor lahf_lm ida arat epb pln pts dtherm fsgsbase smep
bogomips	: 5200.00
clflush size	: 64
cache_alignment	: 64
address sizes	: 40 bits physical, 48 bits virtual
power management:

processor	: 1
vendor_id	: GenuineIntel
cpu family	: 6
model		: 58
model name	: Intel(R) Xeon(R) CPU E5-2630 v2 @ 2.60GHz
stepping	: 0
microcode	: 0x427
cpu MHz		: 2600.000
cache size	: 15360 KB
physical id	: 2
siblings	: 1
core id		: 0
cpu cores	: 1
apicid		: 2
initial apicid	: 2
fpu		: yes
fpu_exception	: yes
cpuid level	: 13
wp		: yes
flags		: fpu vme de pse tsc msr pae mce cx8 apic sep mtrr pge mca cmov pat pse36 clflush dts mmx fxsr sse sse2 ss syscall nx rdtscp lm constant_tsc arch_perfmon pebs bts nopl xtopology tsc_reliable nonstop_tsc aperfmperf pni pclmulqdq ssse3 cx16 pcid sse4_1 sse4_2 x2apic popcnt aes xsave avx f16c rdrand hypervisor lahf_lm ida arat epb pln pts dtherm fsgsbase smep
bogomips	: 5200.00
clflush size	: 64
cache_alignment	: 64
address sizes	: 40 bits physical, 48 bits virtual
power management:



Memory: 4k page, physical 8011464k(2758508k free), swap 8258556k(3865672k free)

vm_info: OpenJDK 64-Bit Server VM (25.71-b15) for linux-amd64 JRE (1.8.0_71-b15), built on Jan 21 2016 16:00:19 by "mockbuild" with gcc 4.8.5 20150623 (Red Hat 4.8.5-4)

time: Fri Jan 22 13:32:45 2016
elapsed time: 0 seconds (0d 0h 0m 0s)

